This file contains any messages produced by compilers while
running configure, to aid debugging if configure makes a mistake.

It was created by meme configure 5.5.5, which was
generated by GNU Autoconf 2.71.  Invocation command line was

  $ ./configure --prefix=/home/glob/meme --enable-build-libxml2 --enable-build-libxslt

## --------- ##
## Platform. ##
## --------- ##

hostname = wjgD
uname -m = x86_64
uname -r = 6.1.0-18-amd64
uname -s = Linux
uname -v = #1 SMP PREEMPT_DYNAMIC Debian 6.1.76-1 (2024-02-01)

/usr/bin/uname -p = unknown
/bin/uname -X     = unknown

/bin/arch              = x86_64
/usr/bin/arch -k       = unknown
/usr/convex/getsysinfo = unknown
/usr/bin/hostinfo      = unknown
/bin/machine           = unknown
/usr/bin/oslevel       = unknown
/bin/universe          = unknown

PATH: /home/glob/.pyenv/plugins/pyenv-virtualenv/shims/
PATH: /home/glob/.pyenv/shims/
PATH: /home/glob/.pyenv/bin/
PATH: /home/glob/.local/bin/
PATH: /home/glob/.pyenv/plugins/pyenv-virtualenv/shims/
PATH: /home/glob/.pyenv/bin/
PATH: /usr/local/bin/
PATH: /usr/bin/
PATH: /bin/
PATH: /usr/local/games/
PATH: /usr/games/
PATH: /snap/bin/


## ----------- ##
## Core tests. ##
## ----------- ##

configure:2684: looking for aux files: config.guess config.sub ltmain.sh compile missing install-sh
configure:2697:  trying ./config/
configure:2726:   ./config/config.guess found
configure:2726:   ./config/config.sub found
configure:2726:   ./config/ltmain.sh found
configure:2726:   ./config/compile found
configure:2726:   ./config/missing found
configure:2708:   ./config/install-sh found
configure:2862: checking for a BSD-compatible install
configure:2935: result: /usr/bin/install -c
configure:2946: checking whether build environment is sane
configure:3001: result: yes
configure:3160: checking for a race-free mkdir -p
configure:3204: result: /usr/bin/mkdir -p
configure:3211: checking for gawk
configure:3232: found /usr/bin/gawk
configure:3243: result: gawk
configure:3254: checking whether make sets $(MAKE)
configure:3277: result: yes
configure:3307: checking whether make supports nested variables
configure:3325: result: yes
configure:3473: checking whether make supports nested variables
configure:3491: result: yes
configure:3575: checking for gcc
configure:3596: found /usr/bin/gcc
configure:3607: result: gcc
configure:3960: checking for C compiler version
configure:3969: gcc --version >&5
gcc (Debian 12.2.0-14) 12.2.0
Copyright (C) 2022 Free Software Foundation, Inc.
This is free software; see the source for copying conditions.  There is NO
warranty; not even for MERCHANTABILITY or FITNESS FOR A PARTICULAR PURPOSE.

configure:3980: $? = 0
configure:3969: gcc -v >&5
Using built-in specs.
COLLECT_GCC=gcc
COLLECT_LTO_WRAPPER=/usr/lib/gcc/x86_64-linux-gnu/12/lto-wrapper
OFFLOAD_TARGET_NAMES=nvptx-none:amdgcn-amdhsa
OFFLOAD_TARGET_DEFAULT=1
Target: x86_64-linux-gnu
Configured with: ../src/configure -v --with-pkgversion='Debian 12.2.0-14' --with-bugurl=file:///usr/share/doc/gcc-12/README.Bugs --enable-languages=c,ada,c++,go,d,fortran,objc,obj-c++,m2 --prefix=/usr --with-gcc-major-version-only --program-suffix=-12 --program-prefix=x86_64-linux-gnu- --enable-shared --enable-linker-build-id --libexecdir=/usr/lib --without-included-gettext --enable-threads=posix --libdir=/usr/lib --enable-nls --enable-clocale=gnu --enable-libstdcxx-debug --enable-libstdcxx-time=yes --with-default-libstdcxx-abi=new --enable-gnu-unique-object --disable-vtable-verify --enable-plugin --enable-default-pie --with-system-zlib --enable-libphobos-checking=release --with-target-system-zlib=auto --enable-objc-gc=auto --enable-multiarch --disable-werror --enable-cet --with-arch-32=i686 --with-abi=m64 --with-multilib-list=m32,m64,mx32 --enable-multilib --with-tune=generic --enable-offload-targets=nvptx-none=/build/gcc-12-bTRWOB/gcc-12-12.2.0/debian/tmp-nvptx/usr,amdgcn-amdhsa=/build/gcc-12-bTRWOB/gcc-12-12.2.0/debian/tmp-gcn/usr --enable-offload-defaulted --without-cuda-driver --enable-checking=release --build=x86_64-linux-gnu --host=x86_64-linux-gnu --target=x86_64-linux-gnu
Thread model: posix
Supported LTO compression algorithms: zlib zstd
gcc version 12.2.0 (Debian 12.2.0-14) 
... rest of stderr output deleted ...
configure:3980: $? = 0
configure:3969: gcc -V >&5
gcc: error: unrecognized command-line option '-V'
gcc: fatal error: no input files
compilation terminated.
configure:3980: $? = 1
configure:3969: gcc -qversion >&5
gcc: error: unrecognized command-line option '-qversion'; did you mean '--version'?
gcc: fatal error: no input files
compilation terminated.
configure:3980: $? = 1
configure:3969: gcc -version >&5
gcc: error: unrecognized command-line option '-version'
gcc: fatal error: no input files
compilation terminated.
configure:3980: $? = 1
configure:4000: checking whether the C compiler works
configure:4022: gcc    conftest.c  >&5
configure:4026: $? = 0
configure:4076: result: yes
configure:4079: checking for C compiler default output file name
configure:4081: result: a.out
configure:4087: checking for suffix of executables
configure:4094: gcc -o conftest    conftest.c  >&5
configure:4098: $? = 0
configure:4121: result: 
configure:4143: checking whether we are cross compiling
configure:4151: gcc -o conftest    conftest.c  >&5
configure:4155: $? = 0
configure:4162: ./conftest
configure:4166: $? = 0
configure:4181: result: no
configure:4186: checking for suffix of object files
configure:4209: gcc -c   conftest.c >&5
configure:4213: $? = 0
configure:4235: result: o
configure:4239: checking whether the compiler supports GNU C
configure:4259: gcc -c   conftest.c >&5
configure:4259: $? = 0
configure:4269: result: yes
configure:4280: checking whether gcc accepts -g
configure:4301: gcc -c -g  conftest.c >&5
configure:4301: $? = 0
configure:4345: result: yes
configure:4365: checking for gcc option to enable C11 features
configure:4380: gcc  -c -g -O2  conftest.c >&5
configure:4380: $? = 0
configure:4398: result: none needed
configure:4514: checking whether gcc understands -c and -o together
configure:4537: gcc -c conftest.c -o conftest2.o
configure:4540: $? = 0
configure:4537: gcc -c conftest.c -o conftest2.o
configure:4540: $? = 0
configure:4552: result: yes
configure:4572: checking whether make supports the include directive
configure:4587: make -f confmf.GNU && cat confinc.out
this is the am__doit target
configure:4590: $? = 0
configure:4609: result: yes (GNU style)
configure:4635: checking dependency style of gcc
configure:4747: result: gcc3
configure:4763: checking whether gcc and cc understand -c and -o together
configure:4795: gcc -c conftest.c -o conftest2.o >&5
configure:4799: $? = 0
configure:4805: gcc -c conftest.c -o conftest2.o >&5
configure:4809: $? = 0
configure:4820: cc -c conftest.c >&5
configure:4824: $? = 0
configure:4832: cc -c conftest.c -o conftest2.o >&5
configure:4836: $? = 0
configure:4842: cc -c conftest.c -o conftest2.o >&5
configure:4846: $? = 0
configure:4864: result: yes
configure:4906: checking build system type
configure:4921: result: x86_64-pc-linux-gnu
configure:4941: checking host system type
configure:4955: result: x86_64-pc-linux-gnu
configure:4996: checking how to print strings
configure:5023: result: printf
configure:5044: checking for a sed that does not truncate output
configure:5114: result: /usr/bin/sed
configure:5132: checking for grep that handles long lines and -e
configure:5196: result: /usr/bin/grep
configure:5201: checking for egrep
configure:5269: result: /usr/bin/grep -E
configure:5274: checking for fgrep
configure:5342: result: /usr/bin/grep -F
configure:5378: checking for ld used by gcc
configure:5446: result: /usr/bin/ld
configure:5453: checking if the linker (/usr/bin/ld) is GNU ld
configure:5469: result: yes
configure:5481: checking for BSD- or MS-compatible name lister (nm)
configure:5536: result: /usr/bin/nm -B
configure:5676: checking the name lister (/usr/bin/nm -B) interface
configure:5684: gcc -c -g -O2  conftest.c >&5
configure:5687: /usr/bin/nm -B "conftest.o"
configure:5690: output
0000000000000000 B some_variable
configure:5697: result: BSD nm
configure:5700: checking whether ln -s works
configure:5704: result: yes
configure:5712: checking the maximum length of command line arguments
configure:5844: result: 1572864
configure:5892: checking how to convert x86_64-pc-linux-gnu file names to x86_64-pc-linux-gnu format
configure:5933: result: func_convert_file_noop
configure:5940: checking how to convert x86_64-pc-linux-gnu file names to toolchain format
configure:5961: result: func_convert_file_noop
configure:5968: checking for /usr/bin/ld option to reload object files
configure:5976: result: -r
configure:6055: checking for file
configure:6076: found /usr/bin/file
configure:6087: result: file
configure:6163: checking for objdump
configure:6184: found /usr/bin/objdump
configure:6195: result: objdump
configure:6227: checking how to recognize dependent libraries
configure:6428: result: pass_all
configure:6518: checking for dlltool
configure:6553: result: no
configure:6583: checking how to associate runtime and link libraries
configure:6611: result: printf %s\n
configure:6677: checking for ar
configure:6698: found /usr/bin/ar
configure:6709: result: ar
configure:6762: checking for archiver @FILE support
configure:6780: gcc -c -g -O2  conftest.c >&5
configure:6780: $? = 0
configure:6784: ar cr libconftest.a @conftest.lst >&5
configure:6787: $? = 0
configure:6792: ar cr libconftest.a @conftest.lst >&5
ar: conftest.o: No such file or directory
configure:6795: $? = 1
configure:6807: result: @
configure:6870: checking for strip
configure:6891: found /usr/bin/strip
configure:6902: result: strip
configure:6979: checking for ranlib
configure:7000: found /usr/bin/ranlib
configure:7011: result: ranlib
configure:7113: checking command to parse /usr/bin/nm -B output from gcc object
configure:7267: gcc -c -g -O2  conftest.c >&5
configure:7270: $? = 0
configure:7274: /usr/bin/nm -B conftest.o \| /usr/bin/sed -n -e 's/^.*[ ]\([ABCDGIRSTW][ABCDGIRSTW]*\)[ ][ ]*\([_A-Za-z][_A-Za-z0-9]*\)$/\1 \2 \2/p' | /usr/bin/sed '/ __gnu_lto/d' \> conftest.nm
configure:7277: $? = 0
configure:7343: gcc -o conftest -g -O2   conftest.c conftstm.o >&5
configure:7346: $? = 0
configure:7384: result: ok
configure:7431: checking for sysroot
configure:7462: result: no
configure:7469: checking for a working dd
configure:7513: result: /usr/bin/dd
configure:7517: checking how to truncate binary pipes
configure:7533: result: /usr/bin/dd bs=4096 count=1
configure:7670: gcc -c -g -O2  conftest.c >&5
configure:7673: $? = 0
configure:7870: checking for mt
configure:7891: found /usr/bin/mt
configure:7902: result: mt
configure:7925: checking if mt is a manifest tool
configure:7932: mt '-?'
configure:7940: result: no
configure:8665: checking for stdio.h
configure:8665: gcc -c -g -O2  conftest.c >&5
configure:8665: $? = 0
configure:8665: result: yes
configure:8665: checking for stdlib.h
configure:8665: gcc -c -g -O2  conftest.c >&5
configure:8665: $? = 0
configure:8665: result: yes
configure:8665: checking for string.h
configure:8665: gcc -c -g -O2  conftest.c >&5
configure:8665: $? = 0
configure:8665: result: yes
configure:8665: checking for inttypes.h
configure:8665: gcc -c -g -O2  conftest.c >&5
configure:8665: $? = 0
configure:8665: result: yes
configure:8665: checking for stdint.h
configure:8665: gcc -c -g -O2  conftest.c >&5
configure:8665: $? = 0
configure:8665: result: yes
configure:8665: checking for strings.h
configure:8665: gcc -c -g -O2  conftest.c >&5
configure:8665: $? = 0
configure:8665: result: yes
configure:8665: checking for sys/stat.h
configure:8665: gcc -c -g -O2  conftest.c >&5
configure:8665: $? = 0
configure:8665: result: yes
configure:8665: checking for sys/types.h
configure:8665: gcc -c -g -O2  conftest.c >&5
configure:8665: $? = 0
configure:8665: result: yes
configure:8665: checking for unistd.h
configure:8665: gcc -c -g -O2  conftest.c >&5
configure:8665: $? = 0
configure:8665: result: yes
configure:8665: checking for vfork.h
configure:8665: gcc -c -g -O2  conftest.c >&5
conftest.c:48:10: fatal error: vfork.h: No such file or directory
   48 | #include <vfork.h>
      |          ^~~~~~~~~
compilation terminated.
configure:8665: $? = 1
configure: failed program was:
| /* confdefs.h */
| #define PACKAGE_NAME "meme"
| #define PACKAGE_TARNAME "meme"
| #define PACKAGE_VERSION "5.5.5"
| #define PACKAGE_STRING "meme 5.5.5"
| #define PACKAGE_BUGREPORT ""
| #define PACKAGE_URL ""
| #define PACKAGE "meme"
| #define VERSION "5.5.5"
| #define HAVE_STDIO_H 1
| #define HAVE_STDLIB_H 1
| #define HAVE_STRING_H 1
| #define HAVE_INTTYPES_H 1
| #define HAVE_STDINT_H 1
| #define HAVE_STRINGS_H 1
| #define HAVE_SYS_STAT_H 1
| #define HAVE_SYS_TYPES_H 1
| #define HAVE_UNISTD_H 1
| /* end confdefs.h.  */
| #include <stddef.h>
| #ifdef HAVE_STDIO_H
| # include <stdio.h>
| #endif
| #ifdef HAVE_STDLIB_H
| # include <stdlib.h>
| #endif
| #ifdef HAVE_STRING_H
| # include <string.h>
| #endif
| #ifdef HAVE_INTTYPES_H
| # include <inttypes.h>
| #endif
| #ifdef HAVE_STDINT_H
| # include <stdint.h>
| #endif
| #ifdef HAVE_STRINGS_H
| # include <strings.h>
| #endif
| #ifdef HAVE_SYS_TYPES_H
| # include <sys/types.h>
| #endif
| #ifdef HAVE_SYS_STAT_H
| # include <sys/stat.h>
| #endif
| #ifdef HAVE_UNISTD_H
| # include <unistd.h>
| #endif
| #include <vfork.h>
configure:8665: result: no
configure:8690: checking for dlfcn.h
configure:8690: gcc -c -g -O2  conftest.c >&5
configure:8690: $? = 0
configure:8690: result: yes
configure:8949: checking for objdir
configure:8965: result: .libs
configure:9229: checking if gcc supports -fno-rtti -fno-exceptions
configure:9248: gcc -c -g -O2  -fno-rtti -fno-exceptions conftest.c >&5
cc1: warning: command-line option '-fno-rtti' is valid for C++/D/ObjC++ but not for C
configure:9252: $? = 0
configure:9265: result: no
configure:9623: checking for gcc option to produce PIC
configure:9631: result: -fPIC -DPIC
configure:9639: checking if gcc PIC flag -fPIC -DPIC works
configure:9658: gcc -c -g -O2  -fPIC -DPIC -DPIC conftest.c >&5
configure:9662: $? = 0
configure:9675: result: yes
configure:9704: checking if gcc static flag -static works
configure:9733: result: yes
configure:9748: checking if gcc supports -c -o file.o
configure:9770: gcc -c -g -O2  -o out/conftest2.o conftest.c >&5
configure:9774: $? = 0
configure:9796: result: yes
configure:9804: checking if gcc supports -c -o file.o
configure:9852: result: yes
configure:9885: checking whether the gcc linker (/usr/bin/ld -m elf_x86_64) supports shared libraries
configure:11153: result: yes
configure:11190: checking whether -lc should be explicitly linked in
configure:11199: gcc -c -g -O2  conftest.c >&5
configure:11202: $? = 0
configure:11217: gcc -shared  -fPIC -DPIC conftest.o  -v -Wl,-soname -Wl,conftest -o conftest 2\>\&1 \| /usr/bin/grep  -lc  \>/dev/null 2\>\&1
configure:11220: $? = 0
configure:11234: result: no
configure:11394: checking dynamic linker characteristics
configure:11976: gcc -o conftest -g -O2   -Wl,-rpath -Wl,/foo conftest.c  >&5
configure:11976: $? = 0
configure:12215: result: GNU/Linux ld.so
configure:12337: checking how to hardcode library paths into programs
configure:12362: result: immediate
configure:12914: checking whether stripping libraries is possible
configure:12923: result: yes
configure:12965: checking if libtool supports shared libraries
configure:12967: result: yes
configure:12970: checking whether to build shared libraries
configure:12995: result: yes
configure:12998: checking whether to build static libraries
configure:13002: result: yes
configure:13040: checking whether make sets $(MAKE)
configure:13063: result: yes
configure:13074: checking for ld
configure:13109: result: /usr/bin/ld -m elf_x86_64
configure:13119: checking for sed
configure:13154: result: /usr/bin/sed
configure:13164: checking for sendmail
configure:13188: found /usr/lib/sendmail
configure:13201: result: /usr/lib/sendmail
configure:13211: checking for perl
configure:13234: found /usr/bin/perl
configure:13246: result: /usr/bin/perl
configure:13256: checking for convert
configure:13279: found /usr/bin/convert
configure:13291: result: /usr/bin/convert
configure:13301: checking for gs
configure:13324: found /usr/bin/gs
configure:13336: result: /usr/bin/gs
configure:13346: checking for xml2-config
configure:13369: found /usr/bin/xml2-config
configure:13381: result: /usr/bin/xml2-config
configure:13391: checking for xslt-config
configure:13429: result: no
configure:13436: checking for ant
configure:13459: found /usr/bin/ant
configure:13471: result: /usr/bin/ant
configure:13487: checking for isnan, sqrt, log, exp, fabs, pow, floor, ceil in -lm
configure:13510: gcc -o conftest -g -O2   conftest.c -lm   >&5
conftest.c:28:6: warning: built-in function 'isnan' declared as non-function [-Wbuiltin-declaration-mismatch]
   28 | char isnan, sqrt, log, exp, fabs, pow, floor, ceil ();
      |      ^~~~~
conftest.c:28:13: warning: built-in function 'sqrt' declared as non-function [-Wbuiltin-declaration-mismatch]
   28 | char isnan, sqrt, log, exp, fabs, pow, floor, ceil ();
      |             ^~~~
conftest.c:28:19: warning: built-in function 'log' declared as non-function [-Wbuiltin-declaration-mismatch]
   28 | char isnan, sqrt, log, exp, fabs, pow, floor, ceil ();
      |                   ^~~
conftest.c:28:24: warning: built-in function 'exp' declared as non-function [-Wbuiltin-declaration-mismatch]
   28 | char isnan, sqrt, log, exp, fabs, pow, floor, ceil ();
      |                        ^~~
conftest.c:28:29: warning: built-in function 'fabs' declared as non-function [-Wbuiltin-declaration-mismatch]
   28 | char isnan, sqrt, log, exp, fabs, pow, floor, ceil ();
      |                             ^~~~
conftest.c:28:35: warning: built-in function 'pow' declared as non-function [-Wbuiltin-declaration-mismatch]
   28 | char isnan, sqrt, log, exp, fabs, pow, floor, ceil ();
      |                                   ^~~
conftest.c:28:40: warning: built-in function 'floor' declared as non-function [-Wbuiltin-declaration-mismatch]
   28 | char isnan, sqrt, log, exp, fabs, pow, floor, ceil ();
      |                                        ^~~~~
conftest.c:28:47: warning: conflicting types for built-in function 'ceil'; expected 'double(double)' [-Wbuiltin-declaration-mismatch]
   28 | char isnan, sqrt, log, exp, fabs, pow, floor, ceil ();
      |                                               ^~~~
conftest.c:1:1: note: 'ceil' is declared in header '<math.h>'
    1 | /* confdefs.h */
configure:13510: $? = 0
configure:13520: result: yes
configure:13533: checking for compress in -lz
configure:13556: gcc -o conftest -g -O2   conftest.c -lz  -lm  >&5
configure:13556: $? = 0
configure:13566: result: yes
configure:13586: checking for sys/wait.h that is POSIX.1 compatible
configure:13613: gcc -c -g -O2  conftest.c >&5
configure:13613: $? = 0
configure:13621: result: yes
configure:13629: checking for arpa/inet.h
configure:13629: gcc -c -g -O2  conftest.c >&5
configure:13629: $? = 0
configure:13629: result: yes
configure:13635: checking for ctype.h
configure:13635: gcc -c -g -O2  conftest.c >&5
configure:13635: $? = 0
configure:13635: result: yes
configure:13641: checking for fcntl.h
configure:13641: gcc -c -g -O2  conftest.c >&5
configure:13641: $? = 0
configure:13641: result: yes
configure:13647: checking for limits.h
configure:13647: gcc -c -g -O2  conftest.c >&5
configure:13647: $? = 0
configure:13647: result: yes
configure:13653: checking for netdb.h
configure:13653: gcc -c -g -O2  conftest.c >&5
configure:13653: $? = 0
configure:13653: result: yes
configure:13659: checking for netinet/in.h
configure:13659: gcc -c -g -O2  conftest.c >&5
configure:13659: $? = 0
configure:13659: result: yes
configure:13665: checking for stdlib.h
configure:13665: result: yes
configure:13671: checking for string.h
configure:13671: result: yes
configure:13677: checking for strings.h
configure:13677: result: yes
configure:13683: checking for sys/socket.h
configure:13683: gcc -c -g -O2  conftest.c >&5
configure:13683: $? = 0
configure:13683: result: yes
configure:13689: checking for sys/time.h
configure:13689: gcc -c -g -O2  conftest.c >&5
configure:13689: $? = 0
configure:13689: result: yes
configure:13695: checking for unistd.h
configure:13695: result: yes
configure:13704: checking for an ANSI C-conforming const
configure:13771: gcc -c -g -O2  conftest.c >&5
configure:13771: $? = 0
configure:13779: result: yes
configure:13787: checking for _Bool
configure:13787: gcc -c -g -O2  conftest.c >&5
configure:13787: $? = 0
configure:13787: gcc -c -g -O2  conftest.c >&5
conftest.c: In function 'main':
conftest.c:70:20: error: expected expression before ')' token
   70 | if (sizeof ((_Bool)))
      |                    ^
configure:13787: $? = 1
configure: failed program was:
| /* confdefs.h */
| #define PACKAGE_NAME "meme"
| #define PACKAGE_TARNAME "meme"
| #define PACKAGE_VERSION "5.5.5"
| #define PACKAGE_STRING "meme 5.5.5"
| #define PACKAGE_BUGREPORT ""
| #define PACKAGE_URL ""
| #define PACKAGE "meme"
| #define VERSION "5.5.5"
| #define HAVE_STDIO_H 1
| #define HAVE_STDLIB_H 1
| #define HAVE_STRING_H 1
| #define HAVE_INTTYPES_H 1
| #define HAVE_STDINT_H 1
| #define HAVE_STRINGS_H 1
| #define HAVE_SYS_STAT_H 1
| #define HAVE_SYS_TYPES_H 1
| #define HAVE_UNISTD_H 1
| #define STDC_HEADERS 1
| #define HAVE_DLFCN_H 1
| #define LT_OBJDIR ".libs/"
| #define HOSTNAME "wjgD"
| #define HAVE_LIBM 1
| #define HAVE_LIBZ 1
| #define HAVE_SYS_WAIT_H 1
| #define HAVE_ARPA_INET_H 1
| #define HAVE_CTYPE_H 1
| #define HAVE_FCNTL_H 1
| #define HAVE_LIMITS_H 1
| #define HAVE_NETDB_H 1
| #define HAVE_NETINET_IN_H 1
| #define HAVE_STDLIB_H 1
| #define HAVE_STRING_H 1
| #define HAVE_STRINGS_H 1
| #define HAVE_SYS_SOCKET_H 1
| #define HAVE_SYS_TIME_H 1
| #define HAVE_UNISTD_H 1
| /* end confdefs.h.  */
| #include <stddef.h>
| #ifdef HAVE_STDIO_H
| # include <stdio.h>
| #endif
| #ifdef HAVE_STDLIB_H
| # include <stdlib.h>
| #endif
| #ifdef HAVE_STRING_H
| # include <string.h>
| #endif
| #ifdef HAVE_INTTYPES_H
| # include <inttypes.h>
| #endif
| #ifdef HAVE_STDINT_H
| # include <stdint.h>
| #endif
| #ifdef HAVE_STRINGS_H
| # include <strings.h>
| #endif
| #ifdef HAVE_SYS_TYPES_H
| # include <sys/types.h>
| #endif
| #ifdef HAVE_SYS_STAT_H
| # include <sys/stat.h>
| #endif
| #ifdef HAVE_UNISTD_H
| # include <unistd.h>
| #endif
| int
| main (void)
| {
| if (sizeof ((_Bool)))
| 	    return 0;
|   ;
|   return 0;
| }
configure:13787: result: yes
configure:13796: checking for stdbool.h that conforms to C99
configure:13912: gcc -c -g -O2  conftest.c >&5
configure:13912: $? = 0
configure:13920: result: yes
configure:13930: checking for pid_t
configure:13930: gcc -c -g -O2  conftest.c >&5
configure:13930: $? = 0
configure:13930: gcc -c -g -O2  conftest.c >&5
conftest.c: In function 'main':
conftest.c:73:20: error: expected expression before ')' token
   73 | if (sizeof ((pid_t)))
      |                    ^
configure:13930: $? = 1
configure: failed program was:
| /* confdefs.h */
| #define PACKAGE_NAME "meme"
| #define PACKAGE_TARNAME "meme"
| #define PACKAGE_VERSION "5.5.5"
| #define PACKAGE_STRING "meme 5.5.5"
| #define PACKAGE_BUGREPORT ""
| #define PACKAGE_URL ""
| #define PACKAGE "meme"
| #define VERSION "5.5.5"
| #define HAVE_STDIO_H 1
| #define HAVE_STDLIB_H 1
| #define HAVE_STRING_H 1
| #define HAVE_INTTYPES_H 1
| #define HAVE_STDINT_H 1
| #define HAVE_STRINGS_H 1
| #define HAVE_SYS_STAT_H 1
| #define HAVE_SYS_TYPES_H 1
| #define HAVE_UNISTD_H 1
| #define STDC_HEADERS 1
| #define HAVE_DLFCN_H 1
| #define LT_OBJDIR ".libs/"
| #define HOSTNAME "wjgD"
| #define HAVE_LIBM 1
| #define HAVE_LIBZ 1
| #define HAVE_SYS_WAIT_H 1
| #define HAVE_ARPA_INET_H 1
| #define HAVE_CTYPE_H 1
| #define HAVE_FCNTL_H 1
| #define HAVE_LIMITS_H 1
| #define HAVE_NETDB_H 1
| #define HAVE_NETINET_IN_H 1
| #define HAVE_STDLIB_H 1
| #define HAVE_STRING_H 1
| #define HAVE_STRINGS_H 1
| #define HAVE_SYS_SOCKET_H 1
| #define HAVE_SYS_TIME_H 1
| #define HAVE_UNISTD_H 1
| #define HAVE__BOOL 1
| #define HAVE_STDBOOL_H 1
| /* end confdefs.h.  */
| #include <stddef.h>
| #ifdef HAVE_STDIO_H
| # include <stdio.h>
| #endif
| #ifdef HAVE_STDLIB_H
| # include <stdlib.h>
| #endif
| #ifdef HAVE_STRING_H
| # include <string.h>
| #endif
| #ifdef HAVE_INTTYPES_H
| # include <inttypes.h>
| #endif
| #ifdef HAVE_STDINT_H
| # include <stdint.h>
| #endif
| #ifdef HAVE_STRINGS_H
| # include <strings.h>
| #endif
| #ifdef HAVE_SYS_TYPES_H
| # include <sys/types.h>
| #endif
| #ifdef HAVE_SYS_STAT_H
| # include <sys/stat.h>
| #endif
| #ifdef HAVE_UNISTD_H
| # include <unistd.h>
| #endif
| 
| int
| main (void)
| {
| if (sizeof ((pid_t)))
| 	    return 0;
|   ;
|   return 0;
| }
configure:13930: result: yes
configure:13966: checking for size_t
configure:13966: gcc -c -g -O2  conftest.c >&5
configure:13966: $? = 0
configure:13966: gcc -c -g -O2  conftest.c >&5
conftest.c: In function 'main':
conftest.c:72:21: error: expected expression before ')' token
   72 | if (sizeof ((size_t)))
      |                     ^
configure:13966: $? = 1
configure: failed program was:
| /* confdefs.h */
| #define PACKAGE_NAME "meme"
| #define PACKAGE_TARNAME "meme"
| #define PACKAGE_VERSION "5.5.5"
| #define PACKAGE_STRING "meme 5.5.5"
| #define PACKAGE_BUGREPORT ""
| #define PACKAGE_URL ""
| #define PACKAGE "meme"
| #define VERSION "5.5.5"
| #define HAVE_STDIO_H 1
| #define HAVE_STDLIB_H 1
| #define HAVE_STRING_H 1
| #define HAVE_INTTYPES_H 1
| #define HAVE_STDINT_H 1
| #define HAVE_STRINGS_H 1
| #define HAVE_SYS_STAT_H 1
| #define HAVE_SYS_TYPES_H 1
| #define HAVE_UNISTD_H 1
| #define STDC_HEADERS 1
| #define HAVE_DLFCN_H 1
| #define LT_OBJDIR ".libs/"
| #define HOSTNAME "wjgD"
| #define HAVE_LIBM 1
| #define HAVE_LIBZ 1
| #define HAVE_SYS_WAIT_H 1
| #define HAVE_ARPA_INET_H 1
| #define HAVE_CTYPE_H 1
| #define HAVE_FCNTL_H 1
| #define HAVE_LIMITS_H 1
| #define HAVE_NETDB_H 1
| #define HAVE_NETINET_IN_H 1
| #define HAVE_STDLIB_H 1
| #define HAVE_STRING_H 1
| #define HAVE_STRINGS_H 1
| #define HAVE_SYS_SOCKET_H 1
| #define HAVE_SYS_TIME_H 1
| #define HAVE_UNISTD_H 1
| #define HAVE__BOOL 1
| #define HAVE_STDBOOL_H 1
| /* end confdefs.h.  */
| #include <stddef.h>
| #ifdef HAVE_STDIO_H
| # include <stdio.h>
| #endif
| #ifdef HAVE_STDLIB_H
| # include <stdlib.h>
| #endif
| #ifdef HAVE_STRING_H
| # include <string.h>
| #endif
| #ifdef HAVE_INTTYPES_H
| # include <inttypes.h>
| #endif
| #ifdef HAVE_STDINT_H
| # include <stdint.h>
| #endif
| #ifdef HAVE_STRINGS_H
| # include <strings.h>
| #endif
| #ifdef HAVE_SYS_TYPES_H
| # include <sys/types.h>
| #endif
| #ifdef HAVE_SYS_STAT_H
| # include <sys/stat.h>
| #endif
| #ifdef HAVE_UNISTD_H
| # include <unistd.h>
| #endif
| int
| main (void)
| {
| if (sizeof ((size_t)))
| 	    return 0;
|   ;
|   return 0;
| }
configure:13966: result: yes
configure:13983: checking for fork
configure:13983: gcc -o conftest -g -O2   conftest.c -lz -lm  >&5
conftest.c:57:6: warning: conflicting types for built-in function 'fork'; expected 'int(void)' [-Wbuiltin-declaration-mismatch]
   57 | char fork ();
      |      ^~~~
configure:13983: $? = 0
configure:13983: result: yes
configure:13983: checking for vfork
configure:13983: gcc -o conftest -g -O2   conftest.c -lz -lm  >&5
configure:13983: $? = 0
configure:13983: result: yes
configure:13996: checking for working fork
configure:14020: gcc -o conftest -g -O2   conftest.c -lz -lm  >&5
configure:14020: $? = 0
configure:14020: ./conftest
configure:14020: $? = 0
configure:14031: result: yes
configure:14052: checking for working vfork
configure:14181: result: yes
configure:14206: checking for GNU libc compatible malloc
configure:14238: gcc -o conftest -g -O2   conftest.c -lz -lm  >&5
configure:14238: $? = 0
configure:14238: ./conftest
configure:14238: $? = 0
configure:14249: result: yes
configure:14271: checking for GNU libc compatible realloc
configure:14303: gcc -o conftest -g -O2   conftest.c -lz -lm  >&5
configure:14303: $? = 0
configure:14303: ./conftest
configure:14303: $? = 0
configure:14314: result: yes
configure:14336: checking return type of signal handlers
configure:14355: gcc -c -g -O2  conftest.c >&5
conftest.c: In function 'main':
conftest.c:53:10: error: void value not ignored as it ought to be
   53 | return *(signal (0, 0)) (0) == 1;
      |         ~^~~~~~~~~~~~~~~~~~
configure:14355: $? = 1
configure: failed program was:
| /* confdefs.h */
| #define PACKAGE_NAME "meme"
| #define PACKAGE_TARNAME "meme"
| #define PACKAGE_VERSION "5.5.5"
| #define PACKAGE_STRING "meme 5.5.5"
| #define PACKAGE_BUGREPORT ""
| #define PACKAGE_URL ""
| #define PACKAGE "meme"
| #define VERSION "5.5.5"
| #define HAVE_STDIO_H 1
| #define HAVE_STDLIB_H 1
| #define HAVE_STRING_H 1
| #define HAVE_INTTYPES_H 1
| #define HAVE_STDINT_H 1
| #define HAVE_STRINGS_H 1
| #define HAVE_SYS_STAT_H 1
| #define HAVE_SYS_TYPES_H 1
| #define HAVE_UNISTD_H 1
| #define STDC_HEADERS 1
| #define HAVE_DLFCN_H 1
| #define LT_OBJDIR ".libs/"
| #define HOSTNAME "wjgD"
| #define HAVE_LIBM 1
| #define HAVE_LIBZ 1
| #define HAVE_SYS_WAIT_H 1
| #define HAVE_ARPA_INET_H 1
| #define HAVE_CTYPE_H 1
| #define HAVE_FCNTL_H 1
| #define HAVE_LIMITS_H 1
| #define HAVE_NETDB_H 1
| #define HAVE_NETINET_IN_H 1
| #define HAVE_STDLIB_H 1
| #define HAVE_STRING_H 1
| #define HAVE_STRINGS_H 1
| #define HAVE_SYS_SOCKET_H 1
| #define HAVE_SYS_TIME_H 1
| #define HAVE_UNISTD_H 1
| #define HAVE__BOOL 1
| #define HAVE_STDBOOL_H 1
| #define HAVE_FORK 1
| #define HAVE_VFORK 1
| #define HAVE_WORKING_VFORK 1
| #define HAVE_WORKING_FORK 1
| #define HAVE_MALLOC 1
| #define HAVE_REALLOC 1
| /* end confdefs.h.  */
| #include <sys/types.h>
| #include <signal.h>
| 
| int
| main (void)
| {
| return *(signal (0, 0)) (0) == 1;
|   ;
|   return 0;
| }
configure:14363: result: void
configure:14369: checking whether lstat correctly handles trailing slash
configure:14402: gcc -o conftest -g -O2   conftest.c -lz -lm  >&5
configure:14402: $? = 0
configure:14402: ./conftest
configure:14402: $? = 0
configure:14420: result: yes
configure:14437: checking whether stat accepts an empty string
configure:14459: gcc -o conftest -g -O2   conftest.c -lz -lm  >&5
configure:14459: $? = 0
configure:14459: ./conftest
configure:14459: $? = 0
configure:14470: result: no
configure:14484: checking for floor
configure:14484: gcc -o conftest -g -O2   conftest.c -lz -lm  >&5
conftest.c:65:6: warning: conflicting types for built-in function 'floor'; expected 'double(double)' [-Wbuiltin-declaration-mismatch]
   65 | char floor ();
      |      ^~~~~
conftest.c:57:1: note: 'floor' is declared in header '<math.h>'
   56 | #include <limits.h>
   57 | #undef floor
configure:14484: $? = 0
configure:14484: result: yes
configure:14490: checking for getcwd
configure:14490: gcc -o conftest -g -O2   conftest.c -lz -lm  >&5
configure:14490: $? = 0
configure:14490: result: yes
configure:14496: checking for gethostbyname
configure:14496: gcc -o conftest -g -O2   conftest.c -lz -lm  >&5
configure:14496: $? = 0
configure:14496: result: yes
configure:14502: checking for isascii
configure:14502: gcc -o conftest -g -O2   conftest.c -lz -lm  >&5
conftest.c:68:6: warning: conflicting types for built-in function 'isascii'; expected 'int(int)' [-Wbuiltin-declaration-mismatch]
   68 | char isascii ();
      |      ^~~~~~~
configure:14502: $? = 0
configure:14502: result: yes
configure:14508: checking for memset
configure:14508: gcc -o conftest -g -O2   conftest.c -lz -lm  >&5
conftest.c:69:6: warning: conflicting types for built-in function 'memset'; expected 'void *(void *, int,  long unsigned int)' [-Wbuiltin-declaration-mismatch]
   69 | char memset ();
      |      ^~~~~~
conftest.c:61:1: note: 'memset' is declared in header '<string.h>'
   60 | #include <limits.h>
   61 | #undef memset
configure:14508: $? = 0
configure:14508: result: yes
configure:14514: checking for pow
configure:14514: gcc -o conftest -g -O2   conftest.c -lz -lm  >&5
conftest.c:70:6: warning: conflicting types for built-in function 'pow'; expected 'double(double,  double)' [-Wbuiltin-declaration-mismatch]
   70 | char pow ();
      |      ^~~
conftest.c:62:1: note: 'pow' is declared in header '<math.h>'
   61 | #include <limits.h>
   62 | #undef pow
configure:14514: $? = 0
configure:14514: result: yes
configure:14520: checking for rint
configure:14520: gcc -o conftest -g -O2   conftest.c -lz -lm  >&5
conftest.c:71:6: warning: conflicting types for built-in function 'rint'; expected 'double(double)' [-Wbuiltin-declaration-mismatch]
   71 | char rint ();
      |      ^~~~
conftest.c:63:1: note: 'rint' is declared in header '<math.h>'
   62 | #include <limits.h>
   63 | #undef rint
configure:14520: $? = 0
configure:14520: result: yes
configure:14526: checking for socket
configure:14526: gcc -o conftest -g -O2   conftest.c -lz -lm  >&5
configure:14526: $? = 0
configure:14526: result: yes
configure:14532: checking for sqrt
configure:14532: gcc -o conftest -g -O2   conftest.c -lz -lm  >&5
conftest.c:73:6: warning: conflicting types for built-in function 'sqrt'; expected 'double(double)' [-Wbuiltin-declaration-mismatch]
   73 | char sqrt ();
      |      ^~~~
conftest.c:65:1: note: 'sqrt' is declared in header '<math.h>'
   64 | #include <limits.h>
   65 | #undef sqrt
configure:14532: $? = 0
configure:14532: result: yes
configure:14538: checking for strchr
configure:14538: gcc -o conftest -g -O2   conftest.c -lz -lm  >&5
conftest.c:74:6: warning: conflicting types for built-in function 'strchr'; expected 'char *(const char *, int)' [-Wbuiltin-declaration-mismatch]
   74 | char strchr ();
      |      ^~~~~~
conftest.c:66:1: note: 'strchr' is declared in header '<string.h>'
   65 | #include <limits.h>
   66 | #undef strchr
configure:14538: $? = 0
configure:14538: result: yes
configure:14544: checking for strcspn
configure:14544: gcc -o conftest -g -O2   conftest.c -lz -lm  >&5
conftest.c:75:6: warning: conflicting types for built-in function 'strcspn'; expected 'long unsigned int(const char *, const char *)' [-Wbuiltin-declaration-mismatch]
   75 | char strcspn ();
      |      ^~~~~~~
conftest.c:67:1: note: 'strcspn' is declared in header '<string.h>'
   66 | #include <limits.h>
   67 | #undef strcspn
configure:14544: $? = 0
configure:14544: result: yes
configure:14550: checking for strdup
configure:14550: gcc -o conftest -g -O2   conftest.c -lz -lm  >&5
conftest.c:76:6: warning: conflicting types for built-in function 'strdup'; expected 'char *(const char *)' [-Wbuiltin-declaration-mismatch]
   76 | char strdup ();
      |      ^~~~~~
configure:14550: $? = 0
configure:14550: result: yes
configure:14556: checking for strspn
configure:14556: gcc -o conftest -g -O2   conftest.c -lz -lm  >&5
conftest.c:77:6: warning: conflicting types for built-in function 'strspn'; expected 'long unsigned int(const char *, const char *)' [-Wbuiltin-declaration-mismatch]
   77 | char strspn ();
      |      ^~~~~~
conftest.c:69:1: note: 'strspn' is declared in header '<string.h>'
   68 | #include <limits.h>
   69 | #undef strspn
configure:14556: $? = 0
configure:14556: result: yes
configure:14562: checking for strstr
configure:14562: gcc -o conftest -g -O2   conftest.c -lz -lm  >&5
conftest.c:78:6: warning: conflicting types for built-in function 'strstr'; expected 'char *(const char *, const char *)' [-Wbuiltin-declaration-mismatch]
   78 | char strstr ();
      |      ^~~~~~
conftest.c:70:1: note: 'strstr' is declared in header '<string.h>'
   69 | #include <limits.h>
   70 | #undef strstr
configure:14562: $? = 0
configure:14562: result: yes
configure:14572: checking for strlcpy
configure:14572: gcc -o conftest -g -O2   conftest.c -lz -lm  >&5
/usr/bin/ld: /tmp/cch7hAaq.o: in function `main':
/NTFS-SSD/Code/4-1/63/asgn/repo/meme/conftest.c:90: undefined reference to `strlcpy'
collect2: error: ld returned 1 exit status
configure:14572: $? = 1
configure: failed program was:
| /* confdefs.h */
| #define PACKAGE_NAME "meme"
| #define PACKAGE_TARNAME "meme"
| #define PACKAGE_VERSION "5.5.5"
| #define PACKAGE_STRING "meme 5.5.5"
| #define PACKAGE_BUGREPORT ""
| #define PACKAGE_URL ""
| #define PACKAGE "meme"
| #define VERSION "5.5.5"
| #define HAVE_STDIO_H 1
| #define HAVE_STDLIB_H 1
| #define HAVE_STRING_H 1
| #define HAVE_INTTYPES_H 1
| #define HAVE_STDINT_H 1
| #define HAVE_STRINGS_H 1
| #define HAVE_SYS_STAT_H 1
| #define HAVE_SYS_TYPES_H 1
| #define HAVE_UNISTD_H 1
| #define STDC_HEADERS 1
| #define HAVE_DLFCN_H 1
| #define LT_OBJDIR ".libs/"
| #define HOSTNAME "wjgD"
| #define HAVE_LIBM 1
| #define HAVE_LIBZ 1
| #define HAVE_SYS_WAIT_H 1
| #define HAVE_ARPA_INET_H 1
| #define HAVE_CTYPE_H 1
| #define HAVE_FCNTL_H 1
| #define HAVE_LIMITS_H 1
| #define HAVE_NETDB_H 1
| #define HAVE_NETINET_IN_H 1
| #define HAVE_STDLIB_H 1
| #define HAVE_STRING_H 1
| #define HAVE_STRINGS_H 1
| #define HAVE_SYS_SOCKET_H 1
| #define HAVE_SYS_TIME_H 1
| #define HAVE_UNISTD_H 1
| #define HAVE__BOOL 1
| #define HAVE_STDBOOL_H 1
| #define HAVE_FORK 1
| #define HAVE_VFORK 1
| #define HAVE_WORKING_VFORK 1
| #define HAVE_WORKING_FORK 1
| #define HAVE_MALLOC 1
| #define HAVE_REALLOC 1
| #define RETSIGTYPE void
| #define LSTAT_FOLLOWS_SLASHED_SYMLINK 1
| #define HAVE_FLOOR 1
| #define HAVE_GETCWD 1
| #define HAVE_GETHOSTBYNAME 1
| #define HAVE_ISASCII 1
| #define HAVE_MEMSET 1
| #define HAVE_POW 1
| #define HAVE_RINT 1
| #define HAVE_SOCKET 1
| #define HAVE_SQRT 1
| #define HAVE_STRCHR 1
| #define HAVE_STRCSPN 1
| #define HAVE_STRDUP 1
| #define HAVE_STRSPN 1
| #define HAVE_STRSTR 1
| /* end confdefs.h.  */
| /* Define strlcpy to an innocuous variant, in case <limits.h> declares strlcpy.
|    For example, HP-UX 11i <limits.h> declares gettimeofday.  */
| #define strlcpy innocuous_strlcpy
| 
| /* System header to define __stub macros and hopefully few prototypes,
|    which can conflict with char strlcpy (); below.  */
| 
| #include <limits.h>
| #undef strlcpy
| 
| /* Override any GCC internal prototype to avoid an error.
|    Use char because int might match the return type of a GCC
|    builtin and then its argument prototype would still apply.  */
| #ifdef __cplusplus
| extern "C"
| #endif
| char strlcpy ();
| /* The GNU C library defines this for functions which it implements
|     to always fail with ENOSYS.  Some functions are actually named
|     something starting with __ and the normal name is an alias.  */
| #if defined __stub_strlcpy || defined __stub___strlcpy
| choke me
| #endif
| 
| int
| main (void)
| {
| return strlcpy ();
|   ;
|   return 0;
| }
configure:14572: result: no
configure:14642: WARNING: libxslt library not found
configure:15057: checking for mpicc
configure:15095: result: no
configure:15057: checking for openmpicc
configure:15095: result: no
configure:15057: checking for mpcc
configure:15095: result: no
configure:15057: checking for mpicc-openmpi-mp
configure:15095: result: no
configure:15107: checking for mpirun
configure:15145: result: no
configure:15107: checking for openmpirun
configure:15145: result: no
configure:15107: checking for mpirun-openmpi-mp
configure:15145: result: no
configure:15730: checking for perl
configure:15765: result: /usr/bin/perl
configure:15813: checking for python
configure:15836: found /home/glob/.pyenv/shims/python
configure:15848: result: /home/glob/.pyenv/shims/python
configure:15869: checking whether /home/glob/.pyenv/shims/python version is >= 2.7
configure:15880: /home/glob/.pyenv/shims/python -c import sys # split strings by '.' and convert to numeric. Append some zeros # because we need at least 4 digits for the hex conversion. # map returns an iterator in Python 3.0 and a list in 2.x minver = list(map(int, '2.7'.split('.'))) + [0, 0, 0] minverhex = 0 # xrange is not present in Python 3.0 and range returns an iterator for i in list(range(0, 4)): minverhex = (minverhex << 8) + minver[i] sys.exit(sys.hexversion < minverhex)
configure:15883: $? = 0
configure:15886: result: yes
configure:15985: checking for /home/glob/.pyenv/shims/python version
configure:15993: result: 3.10
configure:15998: checking for /home/glob/.pyenv/shims/python platform
configure:16006: result: linux
configure:16067: checking for GNU default /home/glob/.pyenv/shims/python prefix
configure:16069: result: ${prefix}
configure:16135: checking for GNU default /home/glob/.pyenv/shims/python exec_prefix
configure:16137: result: ${exec_prefix}
configure:16168: checking for /home/glob/.pyenv/shims/python script directory (pythondir)
configure:16203: result: ${PYTHON_PREFIX}/lib/python3.10/site-packages
configure:16211: checking for /home/glob/.pyenv/shims/python extension module directory (pyexecdir)
configure:16246: result: ${PYTHON_EXEC_PREFIX}/lib/python3.10/site-packages
configure:16308: checking for convert
configure:16343: result: /usr/bin/convert
configure:16391: checking for gs
configure:16426: result: /usr/bin/gs
configure:16800: checking that generated files are newer than configure
configure:16806: result: done
configure:16873: creating ./config.status

## ---------------------- ##
## Running config.status. ##
## ---------------------- ##

This file was extended by meme config.status 5.5.5, which was
generated by GNU Autoconf 2.71.  Invocation command line was

  CONFIG_FILES    = 
  CONFIG_HEADERS  = 
  CONFIG_LINKS    = 
  CONFIG_COMMANDS = 
  $ ./config.status 

on wjgD

config.status:1453: creating Makefile
config.status:1453: creating doc/Makefile
config.status:1453: creating doc/css/Makefile
config.status:1453: creating doc/examples/Makefile
config.status:1453: creating doc/examples/compute_prior_dist_example_output_files/Makefile
config.status:1453: creating doc/examples/sample_opal_scripts/Makefile
config.status:1453: creating doc/images/Makefile
config.status:1453: creating doc/js/Makefile
config.status:1453: creating etc/Makefile
config.status:1453: creating src/filters/Makefile
config.status:1453: creating src/filters/purge/Makefile
config.status:1453: creating src/filters/dust/Makefile
config.status:1453: creating scripts/Makefile
config.status:1453: creating src/Makefile
config.status:1453: creating src/libxml2/Makefile
config.status:1453: creating src/libxml2/include/Makefile
config.status:1453: creating src/libxml2/include/libxml/Makefile
config.status:1453: creating src/libxslt/Makefile
config.status:1453: creating src/parallel/Makefile
config.status:1453: creating tests/Makefile
config.status:1453: creating tests/ame/Makefile
config.status:1453: creating tests/bed2fasta/Makefile
config.status:1453: creating tests/centrimo/Makefile
config.status:1453: creating tests/clustalw2fasta/Makefile
config.status:1453: creating tests/common/Makefile
config.status:1453: creating tests/common/motif.crp0/Makefile
config.status:1453: creating tests/common/motif.Puf3p/Makefile
config.status:1453: creating tests/create-priors/Makefile
config.status:1453: creating tests/draw-mhmm/Makefile
config.status:1453: creating tests/dreme/Makefile
config.status:1453: creating tests/fasta-center/Makefile
config.status:1453: creating tests/fimo/Makefile
config.status:1453: creating tests/glam2/Makefile
config.status:1453: creating tests/glam2scan/Makefile
config.status:1453: creating tests/gomo/Makefile
config.status:1453: creating tests/mast/Makefile
config.status:1453: creating tests/mcast/Makefile
config.status:1453: creating tests/meme/Makefile
config.status:1453: creating tests/meme-chip/Makefile
config.status:1453: creating tests/mhmm/Makefile
config.status:1453: creating tests/mhmms/Makefile
config.status:1453: creating tests/mhmmscan/Makefile
config.status:1453: creating tests/momo/Makefile
config.status:1453: creating tests/motiph/Makefile
config.status:1453: creating tests/psp-gen/Makefile
config.status:1453: creating tests/qvalue/Makefile
config.status:1453: creating tests/scaffold/Makefile
config.status:1453: creating tests/sea/Makefile
config.status:1453: creating tests/spamo/Makefile
config.status:1453: creating tests/streme/Makefile
config.status:1453: creating tests/scripts/Makefile
config.status:1453: creating tests/tgene/Makefile
config.status:1453: creating tests/tomtom/Makefile
config.status:1453: creating tests/web/Makefile
config.status:1453: creating tests/xstreme/Makefile
config.status:1453: creating website/Makefile
config.status:1453: creating website/templates/Makefile
config.status:1453: creating config.h
config.status:1713: executing depfiles commands
config.status:1790: cd src/filters/purge       && sed -e '/# am--include-marker/d' Makefile         | make -f - am--depfiles
config.status:1795: $? = 0
config.status:1790: cd src/filters/dust       && sed -e '/# am--include-marker/d' Makefile         | make -f - am--depfiles
config.status:1795: $? = 0
config.status:1790: cd src       && sed -e '/# am--include-marker/d' Makefile         | make -f - am--depfiles
config.status:1795: $? = 0
config.status:1790: cd src/libxml2       && sed -e '/# am--include-marker/d' Makefile         | make -f - am--depfiles
config.status:1795: $? = 0
config.status:1790: cd src/libxslt       && sed -e '/# am--include-marker/d' Makefile         | make -f - am--depfiles
config.status:1795: $? = 0
config.status:1790: cd src/parallel       && sed -e '/# am--include-marker/d' Makefile         | make -f - am--depfiles
config.status:1795: $? = 0
config.status:1713: executing libtool commands
configure:19306: WARNING:     
Checking Required Perl Modules:
File::Which missing.
XML::Simple missing. On Ubuntu, you may need to first run 'sudo apt-get install libexpat-dev'
Sys::Info missing.

Checking Optional Modules:
Math::CDF missing. Only required for fasta-enriched-center script (which is not called by the web scripts).
XML::Compile::SOAP11 missing. Used for downloading sequence databases from RSAT.
On Ubuntu, you may first need to run 'sudo apt-get install libxml2-dev'
XML::Compile::WSDL11 missing. Used for downloading sequence databases from RSAT
XML::Compile::Transport::SOAPHTTP missing. Used for downloading sequence databases from RSAT   

## ---------------- ##
## Cache variables. ##
## ---------------- ##

ac_cv_build=x86_64-pc-linux-gnu
ac_cv_c_compiler_gnu=yes
ac_cv_c_const=yes
ac_cv_env_CC_set=
ac_cv_env_CC_value=
ac_cv_env_CFLAGS_set=
ac_cv_env_CFLAGS_value=
ac_cv_env_CPPFLAGS_set=
ac_cv_env_CPPFLAGS_value=
ac_cv_env_LDFLAGS_set=
ac_cv_env_LDFLAGS_value=
ac_cv_env_LIBS_set=
ac_cv_env_LIBS_value=
ac_cv_env_LT_SYS_LIBRARY_PATH_set=
ac_cv_env_LT_SYS_LIBRARY_PATH_value=
ac_cv_env_PYTHON_set=
ac_cv_env_PYTHON_value=
ac_cv_env_build_alias_set=
ac_cv_env_build_alias_value=
ac_cv_env_host_alias_set=
ac_cv_env_host_alias_value=
ac_cv_env_target_alias_set=
ac_cv_env_target_alias_value=
ac_cv_func_floor=yes
ac_cv_func_fork=yes
ac_cv_func_fork_works=yes
ac_cv_func_getcwd=yes
ac_cv_func_gethostbyname=yes
ac_cv_func_isascii=yes
ac_cv_func_lstat_dereferences_slashed_symlink=yes
ac_cv_func_malloc_0_nonnull=yes
ac_cv_func_memset=yes
ac_cv_func_pow=yes
ac_cv_func_realloc_0_nonnull=yes
ac_cv_func_rint=yes
ac_cv_func_socket=yes
ac_cv_func_sqrt=yes
ac_cv_func_stat_empty_string_bug=no
ac_cv_func_strchr=yes
ac_cv_func_strcspn=yes
ac_cv_func_strdup=yes
ac_cv_func_strlcpy=no
ac_cv_func_strspn=yes
ac_cv_func_strstr=yes
ac_cv_func_vfork=yes
ac_cv_func_vfork_works=yes
ac_cv_header_arpa_inet_h=yes
ac_cv_header_ctype_h=yes
ac_cv_header_dlfcn_h=yes
ac_cv_header_fcntl_h=yes
ac_cv_header_inttypes_h=yes
ac_cv_header_limits_h=yes
ac_cv_header_netdb_h=yes
ac_cv_header_netinet_in_h=yes
ac_cv_header_stdbool_h=yes
ac_cv_header_stdint_h=yes
ac_cv_header_stdio_h=yes
ac_cv_header_stdlib_h=yes
ac_cv_header_string_h=yes
ac_cv_header_strings_h=yes
ac_cv_header_sys_socket_h=yes
ac_cv_header_sys_stat_h=yes
ac_cv_header_sys_time_h=yes
ac_cv_header_sys_types_h=yes
ac_cv_header_sys_wait_h=yes
ac_cv_header_unistd_h=yes
ac_cv_header_vfork_h=no
ac_cv_host=x86_64-pc-linux-gnu
ac_cv_lib_m_isnan__sqrt__log__exp__fabs__pow__floor__ceil=yes
ac_cv_lib_z_compress=yes
ac_cv_objext=o
ac_cv_path_ANT=/usr/bin/ant
ac_cv_path_CONVERT=/usr/bin/convert
ac_cv_path_EGREP='/usr/bin/grep -E'
ac_cv_path_FGREP='/usr/bin/grep -F'
ac_cv_path_GHOSTSCRIPT=/usr/bin/gs
ac_cv_path_GREP=/usr/bin/grep
ac_cv_path_LD='/usr/bin/ld -m elf_x86_64'
ac_cv_path_PERL=/usr/bin/perl
ac_cv_path_PYTHON=/home/glob/.pyenv/shims/python
ac_cv_path_SED=/usr/bin/sed
ac_cv_path_SENDMAIL=/usr/lib/sendmail
ac_cv_path_XML2_CONFIG=/usr/bin/xml2-config
ac_cv_path_install='/usr/bin/install -c'
ac_cv_path_lt_DD=/usr/bin/dd
ac_cv_path_mkdir=/usr/bin/mkdir
ac_cv_prog_AWK=gawk
ac_cv_prog_ac_ct_AR=ar
ac_cv_prog_ac_ct_CC=gcc
ac_cv_prog_ac_ct_FILECMD=file
ac_cv_prog_ac_ct_MANIFEST_TOOL=mt
ac_cv_prog_ac_ct_OBJDUMP=objdump
ac_cv_prog_ac_ct_RANLIB=ranlib
ac_cv_prog_ac_ct_STRIP=strip
ac_cv_prog_cc_c11=
ac_cv_prog_cc_g=yes
ac_cv_prog_cc_gcc_c_o=yes
ac_cv_prog_cc_stdc=
ac_cv_prog_make_make_set=yes
ac_cv_type__Bool=yes
ac_cv_type_pid_t=yes
ac_cv_type_signal=void
ac_cv_type_size_t=yes
am_cv_CC_dependencies_compiler_type=gcc3
am_cv_make_support_nested_variables=yes
am_cv_prog_cc_c_o=yes
am_cv_python_platform=linux
am_cv_python_pyexecdir='${PYTHON_EXEC_PREFIX}/lib/python3.10/site-packages'
am_cv_python_pythondir='${PYTHON_PREFIX}/lib/python3.10/site-packages'
am_cv_python_version=3.10
lt_cv_ar_at_file=@
lt_cv_archive_cmds_need_lc=no
lt_cv_deplibs_check_method=pass_all
lt_cv_file_magic_cmd='$MAGIC_CMD'
lt_cv_file_magic_test_file=
lt_cv_ld_reload_flag=-r
lt_cv_nm_interface='BSD nm'
lt_cv_objdir=.libs
lt_cv_path_LD=/usr/bin/ld
lt_cv_path_NM='/usr/bin/nm -B'
lt_cv_path_mainfest_tool=no
lt_cv_prog_compiler_c_o=yes
lt_cv_prog_compiler_pic='-fPIC -DPIC'
lt_cv_prog_compiler_pic_works=yes
lt_cv_prog_compiler_rtti_exceptions=no
lt_cv_prog_compiler_static_works=yes
lt_cv_prog_gnu_ld=yes
lt_cv_sharedlib_from_linklib_cmd='printf %s\n'
lt_cv_shlibpath_overrides_runpath=yes
lt_cv_sys_global_symbol_pipe='/usr/bin/sed -n -e '\''s/^.*[	 ]\([ABCDGIRSTW][ABCDGIRSTW]*\)[	 ][	 ]*\([_A-Za-z][_A-Za-z0-9]*\)$/\1 \2 \2/p'\'' | /usr/bin/sed '\''/ __gnu_lto/d'\'''
lt_cv_sys_global_symbol_to_c_name_address='/usr/bin/sed -n -e '\''s/^: \(.*\) .*$/  {"\1", (void *) 0},/p'\'' -e '\''s/^[ABCDGIRSTW][ABCDGIRSTW]* .* \(.*\)$/  {"\1", (void *) \&\1},/p'\'''
lt_cv_sys_global_symbol_to_c_name_address_lib_prefix='/usr/bin/sed -n -e '\''s/^: \(.*\) .*$/  {"\1", (void *) 0},/p'\'' -e '\''s/^[ABCDGIRSTW][ABCDGIRSTW]* .* \(lib.*\)$/  {"\1", (void *) \&\1},/p'\'' -e '\''s/^[ABCDGIRSTW][ABCDGIRSTW]* .* \(.*\)$/  {"lib\1", (void *) \&\1},/p'\'''
lt_cv_sys_global_symbol_to_cdecl='/usr/bin/sed -n -e '\''s/^T .* \(.*\)$/extern int \1();/p'\'' -e '\''s/^[ABCDGIRSTW][ABCDGIRSTW]* .* \(.*\)$/extern char \1;/p'\'''
lt_cv_sys_global_symbol_to_import=
lt_cv_sys_max_cmd_len=1572864
lt_cv_to_host_file_cmd=func_convert_file_noop
lt_cv_to_tool_file_cmd=func_convert_file_noop
lt_cv_truncate_bin='/usr/bin/dd bs=4096 count=1'

## ----------------- ##
## Output variables. ##
## ----------------- ##

ACLOCAL='${SHELL} '\''/NTFS-SSD/Code/4-1/63/asgn/repo/meme/config/missing'\'' aclocal-1.16'
ALT_URL=''
AMDEPBACKSLASH='\'
AMDEP_FALSE='#'
AMDEP_TRUE=''
AMTAR='$${TAR-tar}'
AM_BACKSLASH='\'
AM_DEFAULT_V='$(AM_DEFAULT_VERBOSITY)'
AM_DEFAULT_VERBOSITY='1'
AM_V='$(V)'
ANT='/usr/bin/ant'
AR='ar'
AUTOCONF='${SHELL} '\''/NTFS-SSD/Code/4-1/63/asgn/repo/meme/config/missing'\'' autoconf'
AUTOHEADER='${SHELL} '\''/NTFS-SSD/Code/4-1/63/asgn/repo/meme/config/missing'\'' autoheader'
AUTOMAKE='${SHELL} '\''/NTFS-SSD/Code/4-1/63/asgn/repo/meme/config/missing'\'' automake-1.16'
AWK='gawk'
BUILD_LIBXML2_FALSE='#'
BUILD_LIBXML2_TRUE=''
BUILD_LIBXSLT_FALSE='#'
BUILD_LIBXSLT_TRUE=''
CATALINA_BASE=''
CATALINA_HOME=''
CC='gcc'
CCDEPMODE='depmode=gcc3'
CFLAGS='-std=gnu89 -fno-common -Wall -Wno-unused -DUNIX -D__USE_FIXED_PROTOTYPES__   -O3'
CONTACT=''
CONVERT='/usr/bin/convert'
CPPFLAGS=''
CSCOPE='cscope'
CTAGS='ctags'
CYGPATH_W='echo'
DEBUG_FLAGS=''
DEFS='-DHAVE_CONFIG_H'
DEPDIR='.deps'
DEV_CONTACT='meme-suite@uw.edu'
DLLTOOL='false'
DRMAA_QUEUE=''
DRMAA_QUEUE_SHORT=''
DSYMUTIL=''
DUMPBIN=''
ECHO_C=''
ECHO_N='-n'
ECHO_T=''
EGREP='/usr/bin/grep -E'
ETAGS='etags'
EXEEXT=''
EXPIRY='4'
FGREP='/usr/bin/grep -F'
FILECMD='file'
GHOSTSCRIPT='/usr/bin/gs'
GOSERVER_URL='http://amigo.geneontology.org/amigo/term/GO_TERM_ID'
GREP='/usr/bin/grep'
HAVE_PYTHON_3_FALSE='#'
HAVE_PYTHON_3_TRUE=''
HAVE_PYTHON_FALSE='#'
HAVE_PYTHON_TRUE=''
HOSTNAME='wjgD'
INSTALL_DATA='${INSTALL} -m 644'
INSTALL_PROGRAM='${INSTALL}'
INSTALL_SCRIPT='${INSTALL}'
INSTALL_STRIP_PROGRAM='$(install_sh) -c -s'
LAMBIN=''
LD='/usr/bin/ld -m elf_x86_64'
LDFLAGS=''
LIBEXSLT_CFLAGS=''
LIBEXSLT_LIBS=''
LIBOBJS=''
LIBS='-lz -lm '
LIBTOOL='$(SHELL) $(top_builddir)/libtool'
LIBXML2_CFLAGS='-I${top_srcdir}/src/libxml2/include'
LIBXML2_LIBS='${top_builddir}/src/libxml2/libxml2.la'
LIBXSLT_CFLAGS='-I${top_srcdir}/src/'
LIBXSLT_LIBS='${top_builddir}/src/libxslt/libxslt.la'
LIPO=''
LN_S='ln -s'
LTLIBOBJS=''
LT_SYS_LIBRARY_PATH=''
MACHID='linux'
MAKEINFO='${SHELL} '\''/NTFS-SSD/Code/4-1/63/asgn/repo/meme/config/missing'\'' makeinfo'
MANIFEST_TOOL=':'
MAST_PORT=''
MAXMEMORY='4'
MAXMEMORY_SHORT='1'
MAXTIME='14400'
MAXTIME_SHORT='300'
MEME_DB='${datarootdir}/${PACKAGE_NAME}-5.5.5/db'
MEME_DIRECTORY='${prefix}'
MEME_LOGS='${localstatedir}/${PACKAGE_NAME}-5.5.5/LOGS'
MEME_PORT=''
MEME_TEMP=''
METAMEME_EXTERNAL_FALSE=''
METAMEME_EXTERNAL_TRUE='#'
MKDIR_P='/usr/bin/mkdir -p'
MPICC='gcc'
MPIFLAGS=''
MPIINC=''
MPILIBDIR=''
MPIRUN=''
MPITYPE=''
MPI_CMD=''
MPI_NPROCS='0'
NEWS_URL='./news.txt'
NM='/usr/bin/nm -B'
NMEDIT=''
NOTICES_URL='./notices.txt'
OBJDUMP='objdump'
OBJEXT='o'
OPAL_DEPLOY=''
OPAL_URL='no'
OPT_FLAGS='-O3'
OTOOL64=''
OTOOL=''
PACKAGE='meme'
PACKAGE_BUGREPORT=''
PACKAGE_NAME='meme'
PACKAGE_STRING='meme 5.5.5'
PACKAGE_TARNAME='meme'
PACKAGE_URL=''
PACKAGE_VERSION='5.5.5'
PARALLEL_FALSE=''
PARALLEL_IS_LAM_FALSE=''
PARALLEL_IS_LAM_TRUE='#'
PARALLEL_TRUE='#'
PATH_SEPARATOR=':'
PERL='/usr/bin/perl'
PREV_URL=''
PREV_VER=''
PYTHON='/home/glob/.pyenv/shims/python'
PYTHON_EXEC_PREFIX='${exec_prefix}'
PYTHON_PLATFORM='linux'
PYTHON_PREFIX='${prefix}'
PYTHON_VERSION='3.10'
QUOTA=''
RANLIB='ranlib'
SED='/usr/bin/sed'
SENDMAIL='/usr/lib/sendmail'
SET_MAKE=''
SHELL='/bin/bash'
SOURCE_URL='https://meme-suite.org'
STREME_LENGTH_FACTOR='1e6'
STRIP='strip'
URL='https://meme-suite.org/meme'
VERSION='5.5.5'
WANT_STRLCPY_FALSE='#'
WANT_STRLCPY_TRUE=''
WEBSERVICE=''
WEBSERVICE_FALSE=''
WEBSERVICE_TRUE='#'
WEBSITE_FALSE=''
WEBSITE_TRUE='#'
WEB_FALSE=''
WEB_TRUE='#'
XML2_CONFIG='/usr/bin/xml2-config'
XSLT_CONFIG=''
ac_ct_AR='ar'
ac_ct_CC='gcc'
ac_ct_DUMPBIN=''
am__EXEEXT_FALSE=''
am__EXEEXT_TRUE='#'
am__fastdepCC_FALSE='#'
am__fastdepCC_TRUE=''
am__include='include'
am__isrc=''
am__leading_dot='.'
am__nodep='_no'
am__quote=''
am__tar='$${TAR-tar} chof - "$$tardir"'
am__untar='$${TAR-tar} xf -'
bindir='${exec_prefix}/bin'
build='x86_64-pc-linux-gnu'
build_alias=''
build_cpu='x86_64'
build_os='linux-gnu'
build_vendor='pc'
datadir='${datarootdir}'
datarootdir='${prefix}/share'
docdir='${datarootdir}/doc/${PACKAGE_TARNAME}'
dvidir='${docdir}'
exec_prefix='${prefix}'
host='x86_64-pc-linux-gnu'
host_alias=''
host_cpu='x86_64'
host_os='linux-gnu'
host_vendor='pc'
htmldir='${docdir}'
includedir='${prefix}/include'
infodir='${datarootdir}/info'
install_sh='${SHELL} /NTFS-SSD/Code/4-1/63/asgn/repo/meme/config/install-sh'
libdir='${exec_prefix}/lib'
libexecdir='${exec_prefix}/libexec'
localedir='${datarootdir}/locale'
localstatedir='${prefix}/var'
mandir='${datarootdir}/man'
mkdir_p='$(MKDIR_P)'
oldincludedir='/usr/include'
pdfdir='${docdir}'
pkgpyexecdir='${pyexecdir}/meme'
pkgpythondir='${pythondir}/meme'
prefix='/home/glob/meme'
program_transform_name='s,x,x,'
psdir='${docdir}'
pyexecdir='${PYTHON_EXEC_PREFIX}/lib/python3.10/site-packages'
pythondir='${PYTHON_PREFIX}/lib/python3.10/site-packages'
runstatedir='${localstatedir}/run'
sbindir='${exec_prefix}/sbin'
sharedstatedir='${prefix}/com'
sysconfdir='${prefix}/etc'
target_alias=''

## ----------- ##
## confdefs.h. ##
## ----------- ##

/* confdefs.h */
#define PACKAGE_NAME "meme"
#define PACKAGE_TARNAME "meme"
#define PACKAGE_VERSION "5.5.5"
#define PACKAGE_STRING "meme 5.5.5"
#define PACKAGE_BUGREPORT ""
#define PACKAGE_URL ""
#define PACKAGE "meme"
#define VERSION "5.5.5"
#define HAVE_STDIO_H 1
#define HAVE_STDLIB_H 1
#define HAVE_STRING_H 1
#define HAVE_INTTYPES_H 1
#define HAVE_STDINT_H 1
#define HAVE_STRINGS_H 1
#define HAVE_SYS_STAT_H 1
#define HAVE_SYS_TYPES_H 1
#define HAVE_UNISTD_H 1
#define STDC_HEADERS 1
#define HAVE_DLFCN_H 1
#define LT_OBJDIR ".libs/"
#define HOSTNAME "wjgD"
#define HAVE_LIBM 1
#define HAVE_LIBZ 1
#define HAVE_SYS_WAIT_H 1
#define HAVE_ARPA_INET_H 1
#define HAVE_CTYPE_H 1
#define HAVE_FCNTL_H 1
#define HAVE_LIMITS_H 1
#define HAVE_NETDB_H 1
#define HAVE_NETINET_IN_H 1
#define HAVE_STDLIB_H 1
#define HAVE_STRING_H 1
#define HAVE_STRINGS_H 1
#define HAVE_SYS_SOCKET_H 1
#define HAVE_SYS_TIME_H 1
#define HAVE_UNISTD_H 1
#define HAVE__BOOL 1
#define HAVE_STDBOOL_H 1
#define HAVE_FORK 1
#define HAVE_VFORK 1
#define HAVE_WORKING_VFORK 1
#define HAVE_WORKING_FORK 1
#define HAVE_MALLOC 1
#define HAVE_REALLOC 1
#define RETSIGTYPE void
#define LSTAT_FOLLOWS_SLASHED_SYMLINK 1
#define HAVE_FLOOR 1
#define HAVE_GETCWD 1
#define HAVE_GETHOSTBYNAME 1
#define HAVE_ISASCII 1
#define HAVE_MEMSET 1
#define HAVE_POW 1
#define HAVE_RINT 1
#define HAVE_SOCKET 1
#define HAVE_SQRT 1
#define HAVE_STRCHR 1
#define HAVE_STRCSPN 1
#define HAVE_STRDUP 1
#define HAVE_STRSPN 1
#define HAVE_STRSTR 1
#define Linux /**/
#define SOURCE_URL "https://meme-suite.org"
#define SITE_URL "https://meme-suite.org/meme"
#define ALT_URL ""
#define PERL "/usr/bin/perl"
#define PYTHON "/home/glob/.pyenv/shims/python"
#define CONVERT_PATH "/usr/bin/convert"
#define GHOSTSCRIPT_PATH "/usr/bin/gs"

configure: exit 0
